<?xml version="1.0" encoding="UTF-8"?>
<!-- Generated by org.testng.reporters.JUnitReportReporter -->
<testsuite hostname="DESKTOP-8673QN5" failures="0" tests="1" name="Put" time="6.320" errors="0" timestamp="2020-11-26T09:26:42 IST" skipped="0">
  <testcase classname="Put" name="puttest" time="6.320"/>
  <system-out/>
</testsuite> <!-- Put -->
