<?xml version="1.0" encoding="UTF-8"?>
<!-- Generated by org.testng.reporters.JUnitReportReporter -->
<testsuite hostname="DESKTOP-8673QN5" failures="0" tests="1" name="post" time="6.287" errors="0" timestamp="2020-11-26T09:22:04 IST" skipped="0">
  <testcase classname="post" name="posttest" time="6.287"/>
  <system-out/>
</testsuite> <!-- post -->
