<?xml version="1.0" encoding="UTF-8"?>
<!-- Generated by org.testng.reporters.JUnitReportReporter -->
<testsuite hostname="DESKTOP-8673QN5" failures="0" tests="1" name="Delete" time="4.687" errors="0" timestamp="2020-11-26T09:32:00 IST" skipped="0">
  <testcase classname="Delete" name="puttest" time="4.687"/>
  <system-out/>
</testsuite> <!-- Delete -->
