<?xml version="1.0" encoding="UTF-8"?>
<!-- Generated by org.testng.reporters.JUnitReportReporter -->
<testsuite hostname="DESKTOP-8673QN5" failures="0" tests="1" name="Get" time="3.100" errors="0" timestamp="2020-11-26T08:19:28 IST" skipped="0">
  <testcase classname="Get" name="test" time="3.100"/>
  <system-out/>
</testsuite> <!-- Get -->
