<?xml version="1.0" encoding="UTF-8"?>
<!-- Generated by org.testng.reporters.JUnitReportReporter -->
<testsuite hostname="DESKTOP-8673QN5" failures="0" tests="1" name="Getproperty" time="4.315" errors="0" timestamp="2020-11-26T09:01:42 IST" skipped="0">
  <testcase classname="Getproperty" name="testp" time="4.315"/>
  <system-out/>
</testsuite> <!-- Getproperty -->
